{"/opt/housing-price-lab/app/api/houses/route.ts": {"path":"/opt/housing-price-lab/app/api/houses/route.ts","statementMap":{"0":{"start":{"line":21,"column":22},"end":{"line":21,"column":26}},"1":{"start":{"line":17,"column":22},"end":{"line":17,"column":null}},"2":{"start":{"line":1,"column":42},"end":{"line":1,"column":null}},"3":{"start":{"line":2,"column":22},"end":{"line":2,"column":null}},"4":{"start":{"line":10,"column":20},"end":{"line":14,"column":null}},"5":{"start":{"line":18,"column":2},"end":{"line":18,"column":null}},"6":{"start":{"line":22,"column":2},"end":{"line":115,"column":null}},"7":{"start":{"line":23,"column":25},"end":{"line":23,"column":53}},"8":{"start":{"line":26,"column":19},"end":{"line":26,"column":null}},"9":{"start":{"line":27,"column":20},"end":{"line":27,"column":null}},"10":{"start":{"line":28,"column":20},"end":{"line":28,"column":null}},"11":{"start":{"line":29,"column":21},"end":{"line":29,"column":null}},"12":{"start":{"line":30,"column":18},"end":{"line":30,"column":null}},"13":{"start":{"line":33,"column":28},"end":{"line":57,"column":null}},"14":{"start":{"line":34,"column":6},"end":{"line":56,"column":null}},"15":{"start":{"line":35,"column":8},"end":{"line":37,"column":null}},"16":{"start":{"line":36,"column":10},"end":{"line":36,"column":null}},"17":{"start":{"line":39,"column":8},"end":{"line":41,"column":null}},"18":{"start":{"line":40,"column":10},"end":{"line":40,"column":null}},"19":{"start":{"line":43,"column":8},"end":{"line":45,"column":null}},"20":{"start":{"line":44,"column":10},"end":{"line":44,"column":null}},"21":{"start":{"line":47,"column":8},"end":{"line":49,"column":null}},"22":{"start":{"line":48,"column":10},"end":{"line":48,"column":null}},"23":{"start":{"line":51,"column":8},"end":{"line":53,"column":null}},"24":{"start":{"line":52,"column":10},"end":{"line":52,"column":null}},"25":{"start":{"line":55,"column":8},"end":{"line":55,"column":null}},"26":{"start":{"line":60,"column":24},"end":{"line":60,"column":null}},"27":{"start":{"line":64,"column":4},"end":{"line":106,"column":null}},"28":{"start":{"line":65,"column":6},"end":{"line":103,"column":null}},"29":{"start":{"line":67,"column":23},"end":{"line":67,"column":null}},"30":{"start":{"line":67,"column":29},"end":{"line":67,"column":null}},"31":{"start":{"line":68,"column":27},"end":{"line":68,"column":null}},"32":{"start":{"line":68,"column":33},"end":{"line":68,"column":null}},"33":{"start":{"line":69,"column":38},"end":{"line":69,"column":null}},"34":{"start":{"line":69,"column":44},"end":{"line":69,"column":null}},"35":{"start":{"line":72,"column":27},"end":{"line":72,"column":29}},"36":{"start":{"line":74,"column":8},"end":{"line":76,"column":null}},"37":{"start":{"line":75,"column":10},"end":{"line":75,"column":null}},"38":{"start":{"line":78,"column":8},"end":{"line":80,"column":null}},"39":{"start":{"line":79,"column":10},"end":{"line":79,"column":null}},"40":{"start":{"line":82,"column":8},"end":{"line":84,"column":null}},"41":{"start":{"line":83,"column":10},"end":{"line":83,"column":null}},"42":{"start":{"line":86,"column":8},"end":{"line":88,"column":null}},"43":{"start":{"line":87,"column":10},"end":{"line":87,"column":null}},"44":{"start":{"line":90,"column":8},"end":{"line":92,"column":null}},"45":{"start":{"line":91,"column":10},"end":{"line":91,"column":null}},"46":{"start":{"line":95,"column":23},"end":{"line":97,"column":null}},"47":{"start":{"line":99,"column":8},"end":{"line":99,"column":null}},"48":{"start":{"line":101,"column":8},"end":{"line":101,"column":null}},"49":{"start":{"line":102,"column":8},"end":{"line":102,"column":null}},"50":{"start":{"line":105,"column":6},"end":{"line":105,"column":null}},"51":{"start":{"line":108,"column":4},"end":{"line":108,"column":null}},"52":{"start":{"line":110,"column":4},"end":{"line":110,"column":null}},"53":{"start":{"line":111,"column":4},"end":{"line":113,"column":null}}},"fnMap":{"0":{"name":"OPTIONS","decl":{"start":{"line":17,"column":22},"end":{"line":17,"column":null}},"loc":{"start":{"line":17,"column":22},"end":{"line":19,"column":null}}},"1":{"name":"GET","decl":{"start":{"line":21,"column":22},"end":{"line":21,"column":26}},"loc":{"start":{"line":21,"column":46},"end":{"line":116,"column":null}}},"2":{"name":"(anonymous_9)","decl":{"start":{"line":33,"column":28},"end":{"line":33,"column":null}},"loc":{"start":{"line":33,"column":28},"end":{"line":57,"column":null}}},"3":{"name":"(anonymous_10)","decl":{"start":{"line":34,"column":43},"end":{"line":34,"column":44}},"loc":{"start":{"line":34,"column":44},"end":{"line":56,"column":null}}},"4":{"name":"(anonymous_11)","decl":{"start":{"line":67,"column":29},"end":{"line":67,"column":36}},"loc":{"start":{"line":67,"column":29},"end":{"line":67,"column":null}}},"5":{"name":"(anonymous_12)","decl":{"start":{"line":68,"column":33},"end":{"line":68,"column":40}},"loc":{"start":{"line":68,"column":33},"end":{"line":68,"column":null}}},"6":{"name":"(anonymous_13)","decl":{"start":{"line":69,"column":44},"end":{"line":69,"column":51}},"loc":{"start":{"line":69,"column":44},"end":{"line":69,"column":null}}}},"branchMap":{"0":{"loc":{"start":{"line":11,"column":33},"end":{"line":11,"column":null}},"type":"binary-expr","locations":[{"start":{"line":11,"column":33},"end":{"line":11,"column":59}},{"start":{"line":11,"column":63},"end":{"line":11,"column":null}}]},"1":{"loc":{"start":{"line":35,"column":8},"end":{"line":37,"column":null}},"type":"if","locations":[{"start":{"line":35,"column":8},"end":{"line":37,"column":null}},{"start":{},"end":{}}]},"2":{"loc":{"start":{"line":35,"column":12},"end":{"line":35,"column":47}},"type":"binary-expr","locations":[{"start":{"line":35,"column":12},"end":{"line":35,"column":22}},{"start":{"line":35,"column":22},"end":{"line":35,"column":47}}]},"3":{"loc":{"start":{"line":39,"column":8},"end":{"line":41,"column":null}},"type":"if","locations":[{"start":{"line":39,"column":8},"end":{"line":41,"column":null}},{"start":{},"end":{}}]},"4":{"loc":{"start":{"line":39,"column":12},"end":{"line":39,"column":69}},"type":"binary-expr","locations":[{"start":{"line":39,"column":12},"end":{"line":39,"column":32}},{"start":{"line":39,"column":32},"end":{"line":39,"column":69}}]},"5":{"loc":{"start":{"line":43,"column":8},"end":{"line":45,"column":null}},"type":"if","locations":[{"start":{"line":43,"column":8},"end":{"line":45,"column":null}},{"start":{},"end":{}}]},"6":{"loc":{"start":{"line":43,"column":12},"end":{"line":43,"column":69}},"type":"binary-expr","locations":[{"start":{"line":43,"column":12},"end":{"line":43,"column":32}},{"start":{"line":43,"column":32},"end":{"line":43,"column":69}}]},"7":{"loc":{"start":{"line":47,"column":8},"end":{"line":49,"column":null}},"type":"if","locations":[{"start":{"line":47,"column":8},"end":{"line":49,"column":null}},{"start":{},"end":{}}]},"8":{"loc":{"start":{"line":47,"column":12},"end":{"line":47,"column":53}},"type":"binary-expr","locations":[{"start":{"line":47,"column":12},"end":{"line":47,"column":24}},{"start":{"line":47,"column":24},"end":{"line":47,"column":53}}]},"9":{"loc":{"start":{"line":51,"column":8},"end":{"line":53,"column":null}},"type":"if","locations":[{"start":{"line":51,"column":8},"end":{"line":53,"column":null}},{"start":{},"end":{}}]},"10":{"loc":{"start":{"line":51,"column":12},"end":{"line":51,"column":63}},"type":"binary-expr","locations":[{"start":{"line":51,"column":12},"end":{"line":51,"column":30}},{"start":{"line":51,"column":30},"end":{"line":51,"column":63}}]},"11":{"loc":{"start":{"line":64,"column":4},"end":{"line":106,"column":null}},"type":"if","locations":[{"start":{"line":64,"column":4},"end":{"line":106,"column":null}},{"start":{"line":104,"column":11},"end":{"line":106,"column":null}}]},"12":{"loc":{"start":{"line":74,"column":8},"end":{"line":76,"column":null}},"type":"if","locations":[{"start":{"line":74,"column":8},"end":{"line":76,"column":null}},{"start":{},"end":{}}]},"13":{"loc":{"start":{"line":78,"column":8},"end":{"line":80,"column":null}},"type":"if","locations":[{"start":{"line":78,"column":8},"end":{"line":80,"column":null}},{"start":{},"end":{}}]},"14":{"loc":{"start":{"line":82,"column":8},"end":{"line":84,"column":null}},"type":"if","locations":[{"start":{"line":82,"column":8},"end":{"line":84,"column":null}},{"start":{},"end":{}}]},"15":{"loc":{"start":{"line":86,"column":8},"end":{"line":88,"column":null}},"type":"if","locations":[{"start":{"line":86,"column":8},"end":{"line":88,"column":null}},{"start":{},"end":{}}]},"16":{"loc":{"start":{"line":90,"column":8},"end":{"line":92,"column":null}},"type":"if","locations":[{"start":{"line":90,"column":8},"end":{"line":92,"column":null}},{"start":{},"end":{}}]},"17":{"loc":{"start":{"line":96,"column":17},"end":{"line":96,"column":null}},"type":"cond-expr","locations":[{"start":{"line":96,"column":41},"end":{"line":96,"column":62}},{"start":{"line":96,"column":62},"end":{"line":96,"column":null}}]}},"s":{"0":0,"1":0,"2":0,"3":0,"4":0,"5":0,"6":0,"7":0,"8":0,"9":0,"10":0,"11":0,"12":0,"13":0,"14":0,"15":0,"16":0,"17":0,"18":0,"19":0,"20":0,"21":0,"22":0,"23":0,"24":0,"25":0,"26":0,"27":0,"28":0,"29":0,"30":0,"31":0,"32":0,"33":0,"34":0,"35":0,"36":0,"37":0,"38":0,"39":0,"40":0,"41":0,"42":0,"43":0,"44":0,"45":0,"46":0,"47":0,"48":0,"49":0,"50":0,"51":0,"52":0,"53":0},"f":{"0":0,"1":0,"2":0,"3":0,"4":0,"5":0,"6":0},"b":{"0":[0,0],"1":[0,0],"2":[0,0],"3":[0,0],"4":[0,0],"5":[0,0],"6":[0,0],"7":[0,0],"8":[0,0],"9":[0,0],"10":[0,0],"11":[0,0],"12":[0,0],"13":[0,0],"14":[0,0],"15":[0,0],"16":[0,0],"17":[0,0]}}
,"/opt/housing-price-lab/app/components/PriceChart.tsx": {"path":"/opt/housing-price-lab/app/components/PriceChart.tsx","statementMap":{"0":{"start":{"line":11,"column":24},"end":{"line":11,"column":35}},"1":{"start":{"line":3,"column":34},"end":{"line":3,"column":null}},"2":{"start":{"line":4,"column":25},"end":{"line":4,"column":null}},"3":{"start":{"line":12,"column":19},"end":{"line":12,"column":null}},"4":{"start":{"line":13,"column":27},"end":{"line":13,"column":null}},"5":{"start":{"line":16,"column":2},"end":{"line":24,"column":null}},"6":{"start":{"line":17,"column":4},"end":{"line":19,"column":null}},"7":{"start":{"line":18,"column":6},"end":{"line":18,"column":null}},"8":{"start":{"line":21,"column":4},"end":{"line":23,"column":null}},"9":{"start":{"line":22,"column":6},"end":{"line":22,"column":null}},"10":{"start":{"line":27,"column":2},"end":{"line":88,"column":null}},"11":{"start":{"line":28,"column":4},"end":{"line":30,"column":null}},"12":{"start":{"line":29,"column":6},"end":{"line":29,"column":null}},"13":{"start":{"line":33,"column":16},"end":{"line":33,"column":null}},"14":{"start":{"line":33,"column":44},"end":{"line":33,"column":63}},"15":{"start":{"line":34,"column":16},"end":{"line":34,"column":null}},"16":{"start":{"line":34,"column":44},"end":{"line":34,"column":63}},"17":{"start":{"line":35,"column":23},"end":{"line":35,"column":null}},"18":{"start":{"line":36,"column":44},"end":{"line":36,"column":null}},"19":{"start":{"line":38,"column":4},"end":{"line":45,"column":null}},"20":{"start":{"line":39,"column":26},"end":{"line":39,"column":null}},"21":{"start":{"line":40,"column":20},"end":{"line":42,"column":10}},"22":{"start":{"line":44,"column":6},"end":{"line":44,"column":null}},"23":{"start":{"line":47,"column":19},"end":{"line":47,"column":null}},"24":{"start":{"line":48,"column":19},"end":{"line":48,"column":null}},"25":{"start":{"line":50,"column":42},"end":{"line":85,"column":null}},"26":{"start":{"line":87,"column":4},"end":{"line":87,"column":null}},"27":{"start":{"line":91,"column":2},"end":{"line":100,"column":null}},"28":{"start":{"line":92,"column":25},"end":{"line":94,"column":null}},"29":{"start":{"line":93,"column":6},"end":{"line":93,"column":null}},"30":{"start":{"line":96,"column":4},"end":{"line":96,"column":null}},"31":{"start":{"line":97,"column":4},"end":{"line":99,"column":null}},"32":{"start":{"line":98,"column":6},"end":{"line":98,"column":null}},"33":{"start":{"line":103,"column":2},"end":{"line":110,"column":null}},"34":{"start":{"line":104,"column":4},"end":{"line":109,"column":null}},"35":{"start":{"line":105,"column":6},"end":{"line":108,"column":null}},"36":{"start":{"line":106,"column":8},"end":{"line":106,"column":null}},"37":{"start":{"line":107,"column":8},"end":{"line":107,"column":null}},"38":{"start":{"line":112,"column":2},"end":{"line":118,"column":null}}},"fnMap":{"0":{"name":"PriceChart","decl":{"start":{"line":11,"column":24},"end":{"line":11,"column":35}},"loc":{"start":{"line":11,"column":60},"end":{"line":126,"column":null}}},"1":{"name":"(anonymous_5)","decl":{"start":{"line":16,"column":12},"end":{"line":16,"column":null}},"loc":{"start":{"line":16,"column":12},"end":{"line":24,"column":5}}},"2":{"name":"(anonymous_6)","decl":{"start":{"line":27,"column":12},"end":{"line":27,"column":null}},"loc":{"start":{"line":27,"column":12},"end":{"line":88,"column":5}}},"3":{"name":"(anonymous_7)","decl":{"start":{"line":33,"column":37},"end":{"line":33,"column":38}},"loc":{"start":{"line":33,"column":44},"end":{"line":33,"column":63}}},"4":{"name":"(anonymous_8)","decl":{"start":{"line":34,"column":37},"end":{"line":34,"column":38}},"loc":{"start":{"line":34,"column":44},"end":{"line":34,"column":63}}},"5":{"name":"(anonymous_9)","decl":{"start":{"line":38,"column":17},"end":{"line":38,"column":18}},"loc":{"start":{"line":38,"column":18},"end":{"line":45,"column":null}}},"6":{"name":"(anonymous_10)","decl":{"start":{"line":91,"column":12},"end":{"line":91,"column":null}},"loc":{"start":{"line":91,"column":12},"end":{"line":100,"column":5}}},"7":{"name":"(anonymous_11)","decl":{"start":{"line":92,"column":25},"end":{"line":92,"column":null}},"loc":{"start":{"line":92,"column":25},"end":{"line":94,"column":null}}},"8":{"name":"(anonymous_12)","decl":{"start":{"line":97,"column":11},"end":{"line":97,"column":null}},"loc":{"start":{"line":97,"column":11},"end":{"line":99,"column":null}}},"9":{"name":"(anonymous_13)","decl":{"start":{"line":103,"column":12},"end":{"line":103,"column":null}},"loc":{"start":{"line":103,"column":12},"end":{"line":110,"column":5}}},"10":{"name":"(anonymous_14)","decl":{"start":{"line":104,"column":11},"end":{"line":104,"column":null}},"loc":{"start":{"line":104,"column":11},"end":{"line":109,"column":null}}}},"branchMap":{"0":{"loc":{"start":{"line":17,"column":4},"end":{"line":19,"column":null}},"type":"if","locations":[{"start":{"line":17,"column":4},"end":{"line":19,"column":null}},{"start":{},"end":{}}]},"1":{"loc":{"start":{"line":21,"column":4},"end":{"line":23,"column":null}},"type":"if","locations":[{"start":{"line":21,"column":4},"end":{"line":23,"column":null}},{"start":{},"end":{}}]},"2":{"loc":{"start":{"line":28,"column":4},"end":{"line":30,"column":null}},"type":"if","locations":[{"start":{"line":28,"column":4},"end":{"line":30,"column":null}},{"start":{},"end":{}}]},"3":{"loc":{"start":{"line":28,"column":8},"end":{"line":28,"column":56}},"type":"binary-expr","locations":[{"start":{"line":28,"column":8},"end":{"line":28,"column":33}},{"start":{"line":28,"column":37},"end":{"line":28,"column":56}}]},"4":{"loc":{"start":{"line":44,"column":24},"end":{"line":44,"column":47}},"type":"binary-expr","locations":[{"start":{"line":44,"column":24},"end":{"line":44,"column":38}},{"start":{"line":44,"column":42},"end":{"line":44,"column":47}}]},"5":{"loc":{"start":{"line":105,"column":6},"end":{"line":108,"column":null}},"type":"if","locations":[{"start":{"line":105,"column":6},"end":{"line":108,"column":null}},{"start":{},"end":{}}]},"6":{"loc":{"start":{"line":112,"column":2},"end":{"line":118,"column":null}},"type":"if","locations":[{"start":{"line":112,"column":2},"end":{"line":118,"column":null}},{"start":{},"end":{}}]}},"s":{"0":3,"1":1,"2":1,"3":3,"4":3,"5":3,"6":3,"7":1,"8":2,"9":2,"10":3,"11":3,"12":1,"13":2,"14":6,"15":2,"16":6,"17":2,"18":2,"19":2,"20":6,"21":6,"22":6,"23":2,"24":2,"25":2,"26":2,"27":3,"28":3,"29":0,"30":3,"31":3,"32":3,"33":3,"34":3,"35":3,"36":2,"37":2,"38":3},"f":{"0":3,"1":3,"2":3,"3":6,"4":6,"5":6,"6":3,"7":0,"8":3,"9":3,"10":3},"b":{"0":[1,2],"1":[2,0],"2":[1,2],"3":[3,2],"4":[6,6],"5":[2,1],"6":[1,2]}}
,"/opt/housing-price-lab/app/components/SearchForm.tsx": {"path":"/opt/housing-price-lab/app/components/SearchForm.tsx","statementMap":{"0":{"start":{"line":21,"column":24},"end":{"line":21,"column":null}},"1":{"start":{"line":3,"column":25},"end":{"line":3,"column":null}},"2":{"start":{"line":4,"column":26},"end":{"line":4,"column":null}},"3":{"start":{"line":6,"column":16},"end":{"line":6,"column":null}},"4":{"start":{"line":7,"column":18},"end":{"line":18,"column":null}},"5":{"start":{"line":19,"column":15},"end":{"line":19,"column":null}},"6":{"start":{"line":22,"column":17},"end":{"line":22,"column":null}},"7":{"start":{"line":23,"column":30},"end":{"line":23,"column":null}},"8":{"start":{"line":24,"column":32},"end":{"line":24,"column":null}},"9":{"start":{"line":25,"column":32},"end":{"line":25,"column":null}},"10":{"start":{"line":26,"column":34},"end":{"line":26,"column":null}},"11":{"start":{"line":27,"column":28},"end":{"line":27,"column":null}},"12":{"start":{"line":28,"column":32},"end":{"line":28,"column":null}},"13":{"start":{"line":30,"column":23},"end":{"line":59,"column":null}},"14":{"start":{"line":31,"column":4},"end":{"line":31,"column":null}},"15":{"start":{"line":32,"column":4},"end":{"line":32,"column":null}},"16":{"start":{"line":34,"column":4},"end":{"line":58,"column":null}},"17":{"start":{"line":35,"column":21},"end":{"line":35,"column":null}},"18":{"start":{"line":36,"column":6},"end":{"line":36,"column":null}},"19":{"start":{"line":36,"column":18},"end":{"line":36,"column":null}},"20":{"start":{"line":37,"column":6},"end":{"line":37,"column":null}},"21":{"start":{"line":37,"column":19},"end":{"line":37,"column":null}},"22":{"start":{"line":38,"column":6},"end":{"line":38,"column":null}},"23":{"start":{"line":38,"column":19},"end":{"line":38,"column":null}},"24":{"start":{"line":39,"column":6},"end":{"line":39,"column":null}},"25":{"start":{"line":39,"column":20},"end":{"line":39,"column":null}},"26":{"start":{"line":40,"column":6},"end":{"line":40,"column":null}},"27":{"start":{"line":40,"column":17},"end":{"line":40,"column":null}},"28":{"start":{"line":43,"column":20},"end":{"line":49,"column":null}},"29":{"start":{"line":51,"column":6},"end":{"line":52,"column":null}},"30":{"start":{"line":55,"column":6},"end":{"line":55,"column":null}},"31":{"start":{"line":57,"column":6},"end":{"line":57,"column":null}},"32":{"start":{"line":70,"column":27},"end":{"line":70,"column":null}},"33":{"start":{"line":75,"column":12},"end":{"line":75,"column":28}},"34":{"start":{"line":89,"column":29},"end":{"line":89,"column":null}},"35":{"start":{"line":99,"column":29},"end":{"line":99,"column":null}},"36":{"start":{"line":111,"column":27},"end":{"line":111,"column":null}},"37":{"start":{"line":116,"column":12},"end":{"line":116,"column":30}},"38":{"start":{"line":128,"column":27},"end":{"line":128,"column":null}},"39":{"start":{"line":133,"column":12},"end":{"line":133,"column":28}}},"fnMap":{"0":{"name":"SearchForm","decl":{"start":{"line":21,"column":24},"end":{"line":21,"column":null}},"loc":{"start":{"line":21,"column":24},"end":{"line":150,"column":null}}},"1":{"name":"(anonymous_2)","decl":{"start":{"line":30,"column":23},"end":{"line":30,"column":30}},"loc":{"start":{"line":30,"column":30},"end":{"line":59,"column":null}}},"2":{"name":"(anonymous_3)","decl":{"start":{"line":70,"column":20},"end":{"line":70,"column":21}},"loc":{"start":{"line":70,"column":27},"end":{"line":70,"column":null}}},"3":{"name":"(anonymous_4)","decl":{"start":{"line":74,"column":23},"end":{"line":74,"column":24}},"loc":{"start":{"line":75,"column":12},"end":{"line":75,"column":28}}},"4":{"name":"(anonymous_5)","decl":{"start":{"line":89,"column":22},"end":{"line":89,"column":23}},"loc":{"start":{"line":89,"column":29},"end":{"line":89,"column":null}}},"5":{"name":"(anonymous_6)","decl":{"start":{"line":99,"column":22},"end":{"line":99,"column":23}},"loc":{"start":{"line":99,"column":29},"end":{"line":99,"column":null}}},"6":{"name":"(anonymous_7)","decl":{"start":{"line":111,"column":20},"end":{"line":111,"column":21}},"loc":{"start":{"line":111,"column":27},"end":{"line":111,"column":null}}},"7":{"name":"(anonymous_8)","decl":{"start":{"line":115,"column":25},"end":{"line":115,"column":26}},"loc":{"start":{"line":116,"column":12},"end":{"line":116,"column":30}}},"8":{"name":"(anonymous_9)","decl":{"start":{"line":128,"column":20},"end":{"line":128,"column":21}},"loc":{"start":{"line":128,"column":27},"end":{"line":128,"column":null}}},"9":{"name":"(anonymous_10)","decl":{"start":{"line":132,"column":22},"end":{"line":132,"column":23}},"loc":{"start":{"line":133,"column":12},"end":{"line":133,"column":28}}}},"branchMap":{"0":{"loc":{"start":{"line":36,"column":6},"end":{"line":36,"column":null}},"type":"if","locations":[{"start":{"line":36,"column":6},"end":{"line":36,"column":null}},{"start":{},"end":{}}]},"1":{"loc":{"start":{"line":37,"column":6},"end":{"line":37,"column":null}},"type":"if","locations":[{"start":{"line":37,"column":6},"end":{"line":37,"column":null}},{"start":{},"end":{}}]},"2":{"loc":{"start":{"line":38,"column":6},"end":{"line":38,"column":null}},"type":"if","locations":[{"start":{"line":38,"column":6},"end":{"line":38,"column":null}},{"start":{},"end":{}}]},"3":{"loc":{"start":{"line":39,"column":6},"end":{"line":39,"column":null}},"type":"if","locations":[{"start":{"line":39,"column":6},"end":{"line":39,"column":null}},{"start":{},"end":{}}]},"4":{"loc":{"start":{"line":40,"column":6},"end":{"line":40,"column":null}},"type":"if","locations":[{"start":{"line":40,"column":6},"end":{"line":40,"column":null}},{"start":{},"end":{}}]},"5":{"loc":{"start":{"line":146,"column":9},"end":{"line":146,"column":null}},"type":"cond-expr","locations":[{"start":{"line":146,"column":19},"end":{"line":146,"column":36}},{"start":{"line":146,"column":36},"end":{"line":146,"column":null}}]}},"s":{"0":6,"1":1,"2":1,"3":1,"4":1,"5":1,"6":6,"7":6,"8":6,"9":6,"10":6,"11":6,"12":6,"13":6,"14":0,"15":0,"16":0,"17":0,"18":0,"19":0,"20":0,"21":0,"22":0,"23":0,"24":0,"25":0,"26":0,"27":0,"28":0,"29":0,"30":0,"31":0,"32":0,"33":36,"34":0,"35":0,"36":0,"37":60,"38":0,"39":72},"f":{"0":6,"1":0,"2":0,"3":36,"4":0,"5":0,"6":0,"7":60,"8":0,"9":72},"b":{"0":[0,0],"1":[0,0],"2":[0,0],"3":[0,0],"4":[0,0],"5":[0,6]}}
,"/opt/housing-price-lab/app/components/SummaryCard.tsx": {"path":"/opt/housing-price-lab/app/components/SummaryCard.tsx","statementMap":{"0":{"start":{"line":16,"column":24},"end":{"line":16,"column":36}},"1":{"start":{"line":17,"column":21},"end":{"line":24,"column":null}}},"fnMap":{"0":{"name":"SummaryCard","decl":{"start":{"line":16,"column":24},"end":{"line":16,"column":36}},"loc":{"start":{"line":16,"column":72},"end":{"line":59,"column":null}}}},"branchMap":{"0":{"loc":{"start":{"line":18,"column":4},"end":{"line":18,"column":41}},"type":"binary-expr","locations":[{"start":{"line":18,"column":4},"end":{"line":18,"column":18}},{"start":{"line":18,"column":22},"end":{"line":18,"column":41}}]},"1":{"loc":{"start":{"line":19,"column":4},"end":{"line":19,"column":82}},"type":"binary-expr","locations":[{"start":{"line":19,"column":4},"end":{"line":19,"column":19}},{"start":{"line":19,"column":23},"end":{"line":19,"column":38}},{"start":{"line":19,"column":42},"end":{"line":19,"column":82}}]},"2":{"loc":{"start":{"line":20,"column":4},"end":{"line":20,"column":45}},"type":"binary-expr","locations":[{"start":{"line":20,"column":4},"end":{"line":20,"column":20}},{"start":{"line":20,"column":24},"end":{"line":20,"column":45}}]},"3":{"loc":{"start":{"line":21,"column":4},"end":{"line":21,"column":40}},"type":"binary-expr","locations":[{"start":{"line":21,"column":4},"end":{"line":21,"column":17}},{"start":{"line":21,"column":21},"end":{"line":21,"column":40}}]},"4":{"loc":{"start":{"line":28,"column":7},"end":{"line":28,"column":21}},"type":"binary-expr","locations":[{"start":{"line":28,"column":7},"end":{"line":28,"column":21}}]}},"s":{"0":3,"1":3},"f":{"0":3},"b":{"0":[3,1],"1":[3,1,1],"2":[3,1],"3":[3,1],"4":[3]}}
,"/opt/housing-price-lab/app/lib/calcStats.ts": {"path":"/opt/housing-price-lab/app/lib/calcStats.ts","statementMap":{"0":{"start":{"line":18,"column":16},"end":{"line":18,"column":26}},"1":{"start":{"line":19,"column":2},"end":{"line":21,"column":null}},"2":{"start":{"line":20,"column":4},"end":{"line":20,"column":null}},"3":{"start":{"line":23,"column":17},"end":{"line":23,"column":null}},"4":{"start":{"line":23,"column":41},"end":{"line":23,"column":60}},"5":{"start":{"line":26,"column":14},"end":{"line":26,"column":63}},"6":{"start":{"line":26,"column":38},"end":{"line":26,"column":45}},"7":{"start":{"line":29,"column":17},"end":{"line":29,"column":null}},"8":{"start":{"line":29,"column":44},"end":{"line":29,"column":null}},"9":{"start":{"line":30,"column":14},"end":{"line":30,"column":null}},"10":{"start":{"line":31,"column":17},"end":{"line":31,"column":null}},"11":{"start":{"line":34,"column":14},"end":{"line":34,"column":null}},"12":{"start":{"line":35,"column":14},"end":{"line":35,"column":null}},"13":{"start":{"line":37,"column":2},"end":{"line":37,"column":null}}},"fnMap":{"0":{"name":"calcStats","decl":{"start":{"line":18,"column":16},"end":{"line":18,"column":26}},"loc":{"start":{"line":18,"column":47},"end":{"line":38,"column":null}}},"1":{"name":"(anonymous_2)","decl":{"start":{"line":23,"column":34},"end":{"line":23,"column":35}},"loc":{"start":{"line":23,"column":41},"end":{"line":23,"column":60}}},"2":{"name":"(anonymous_3)","decl":{"start":{"line":26,"column":28},"end":{"line":26,"column":29}},"loc":{"start":{"line":26,"column":38},"end":{"line":26,"column":45}}},"3":{"name":"(anonymous_4)","decl":{"start":{"line":29,"column":34},"end":{"line":29,"column":35}},"loc":{"start":{"line":29,"column":44},"end":{"line":29,"column":null}}}},"branchMap":{"0":{"loc":{"start":{"line":19,"column":2},"end":{"line":21,"column":null}},"type":"if","locations":[{"start":{"line":19,"column":2},"end":{"line":21,"column":null}},{"start":{},"end":{}}]},"1":{"loc":{"start":{"line":31,"column":17},"end":{"line":31,"column":null}},"type":"cond-expr","locations":[{"start":{"line":31,"column":43},"end":{"line":31,"column":54}},{"start":{"line":31,"column":57},"end":{"line":31,"column":null}}]}},"s":{"0":6,"1":6,"2":1,"3":5,"4":15,"5":5,"6":15,"7":5,"8":10,"9":5,"10":5,"11":5,"12":5,"13":5},"f":{"0":6,"1":15,"2":15,"3":10},"b":{"0":[1,5],"1":[5,0]}}
,"/opt/housing-price-lab/app/lib/db/index.ts": {"path":"/opt/housing-price-lab/app/lib/db/index.ts","statementMap":{"0":{"start":{"line":9,"column":13},"end":{"line":9,"column":18}},"1":{"start":{"line":1,"column":24},"end":{"line":1,"column":null}},"2":{"start":{"line":2,"column":21},"end":{"line":2,"column":null}},"3":{"start":{"line":3,"column":24},"end":{"line":3,"column":null}},"4":{"start":{"line":5,"column":13},"end":{"line":7,"column":null}},"5":{"start":{"line":9,"column":18},"end":{"line":9,"column":null}}},"fnMap":{},"branchMap":{},"s":{"0":0,"1":0,"2":0,"3":0,"4":0,"5":0},"f":{},"b":{}}
,"/opt/housing-price-lab/app/lib/db/schema.ts": {"path":"/opt/housing-price-lab/app/lib/db/schema.ts","statementMap":{"0":{"start":{"line":3,"column":13},"end":{"line":3,"column":22}},"1":{"start":{"line":1,"column":50},"end":{"line":1,"column":null}},"2":{"start":{"line":3,"column":22},"end":{"line":10,"column":null}}},"fnMap":{},"branchMap":{},"s":{"0":0,"1":0,"2":0},"f":{},"b":{}}
}
