TN:
SF:app/api/houses/route.ts
FN:17,OPTIONS
FN:21,GET
FN:33,(anonymous_9)
FN:34,(anonymous_10)
FN:67,(anonymous_11)
FN:68,(anonymous_12)
FN:69,(anonymous_13)
FNF:7
FNH:0
FNDA:0,OPTIONS
FNDA:0,GET
FNDA:0,(anonymous_9)
FNDA:0,(anonymous_10)
FNDA:0,(anonymous_11)
FNDA:0,(anonymous_12)
FNDA:0,(anonymous_13)
DA:1,0
DA:2,0
DA:10,0
DA:17,0
DA:18,0
DA:21,0
DA:22,0
DA:23,0
DA:26,0
DA:27,0
DA:28,0
DA:29,0
DA:30,0
DA:33,0
DA:34,0
DA:35,0
DA:36,0
DA:39,0
DA:40,0
DA:43,0
DA:44,0
DA:47,0
DA:48,0
DA:51,0
DA:52,0
DA:55,0
DA:60,0
DA:64,0
DA:65,0
DA:67,0
DA:68,0
DA:69,0
DA:72,0
DA:74,0
DA:75,0
DA:78,0
DA:79,0
DA:82,0
DA:83,0
DA:86,0
DA:87,0
DA:90,0
DA:91,0
DA:95,0
DA:99,0
DA:101,0
DA:102,0
DA:105,0
DA:108,0
DA:110,0
DA:111,0
LF:51
LH:0
BRDA:11,0,0,0
BRDA:11,0,1,0
BRDA:35,1,0,0
BRDA:35,1,1,0
BRDA:35,2,0,0
BRDA:35,2,1,0
BRDA:39,3,0,0
BRDA:39,3,1,0
BRDA:39,4,0,0
BRDA:39,4,1,0
BRDA:43,5,0,0
BRDA:43,5,1,0
BRDA:43,6,0,0
BRDA:43,6,1,0
BRDA:47,7,0,0
BRDA:47,7,1,0
BRDA:47,8,0,0
BRDA:47,8,1,0
BRDA:51,9,0,0
BRDA:51,9,1,0
BRDA:51,10,0,0
BRDA:51,10,1,0
BRDA:64,11,0,0
BRDA:64,11,1,0
BRDA:74,12,0,0
BRDA:74,12,1,0
BRDA:78,13,0,0
BRDA:78,13,1,0
BRDA:82,14,0,0
BRDA:82,14,1,0
BRDA:86,15,0,0
BRDA:86,15,1,0
BRDA:90,16,0,0
BRDA:90,16,1,0
BRDA:96,17,0,0
BRDA:96,17,1,0
BRF:36
BRH:0
end_of_record
TN:
SF:app/components/PriceChart.tsx
FN:11,PriceChart
FN:16,(anonymous_5)
FN:27,(anonymous_6)
FN:33,(anonymous_7)
FN:34,(anonymous_8)
FN:38,(anonymous_9)
FN:91,(anonymous_10)
FN:92,(anonymous_11)
FN:97,(anonymous_12)
FN:103,(anonymous_13)
FN:104,(anonymous_14)
FNF:11
FNH:10
FNDA:3,PriceChart
FNDA:3,(anonymous_5)
FNDA:3,(anonymous_6)
FNDA:6,(anonymous_7)
FNDA:6,(anonymous_8)
FNDA:6,(anonymous_9)
FNDA:3,(anonymous_10)
FNDA:0,(anonymous_11)
FNDA:3,(anonymous_12)
FNDA:3,(anonymous_13)
FNDA:3,(anonymous_14)
DA:3,1
DA:4,1
DA:11,3
DA:12,3
DA:13,3
DA:16,3
DA:17,3
DA:18,1
DA:21,2
DA:22,2
DA:27,3
DA:28,3
DA:29,1
DA:33,6
DA:34,6
DA:35,2
DA:36,2
DA:38,2
DA:39,6
DA:40,6
DA:44,6
DA:47,2
DA:48,2
DA:50,2
DA:87,2
DA:91,3
DA:92,3
DA:93,0
DA:96,3
DA:97,3
DA:98,3
DA:103,3
DA:104,3
DA:105,3
DA:106,2
DA:107,2
DA:112,3
LF:37
LH:36
BRDA:17,0,0,1
BRDA:17,0,1,2
BRDA:21,1,0,2
BRDA:21,1,1,0
BRDA:28,2,0,1
BRDA:28,2,1,2
BRDA:28,3,0,3
BRDA:28,3,1,2
BRDA:44,4,0,6
BRDA:44,4,1,6
BRDA:105,5,0,2
BRDA:105,5,1,1
BRDA:112,6,0,1
BRDA:112,6,1,2
BRF:14
BRH:13
end_of_record
TN:
SF:app/components/SearchForm.tsx
FN:21,SearchForm
FN:30,(anonymous_2)
FN:70,(anonymous_3)
FN:74,(anonymous_4)
FN:89,(anonymous_5)
FN:99,(anonymous_6)
FN:111,(anonymous_7)
FN:115,(anonymous_8)
FN:128,(anonymous_9)
FN:132,(anonymous_10)
FNF:10
FNH:4
FNDA:6,SearchForm
FNDA:0,(anonymous_2)
FNDA:0,(anonymous_3)
FNDA:36,(anonymous_4)
FNDA:0,(anonymous_5)
FNDA:0,(anonymous_6)
FNDA:0,(anonymous_7)
FNDA:60,(anonymous_8)
FNDA:0,(anonymous_9)
FNDA:72,(anonymous_10)
DA:3,1
DA:4,1
DA:6,1
DA:7,1
DA:19,1
DA:21,6
DA:22,6
DA:23,6
DA:24,6
DA:25,6
DA:26,6
DA:27,6
DA:28,6
DA:30,6
DA:31,0
DA:32,0
DA:34,0
DA:35,0
DA:36,0
DA:37,0
DA:38,0
DA:39,0
DA:40,0
DA:43,0
DA:51,0
DA:55,0
DA:57,0
DA:70,0
DA:75,36
DA:89,0
DA:99,0
DA:111,0
DA:116,60
DA:128,0
DA:133,72
LF:35
LH:17
BRDA:36,0,0,0
BRDA:36,0,1,0
BRDA:37,1,0,0
BRDA:37,1,1,0
BRDA:38,2,0,0
BRDA:38,2,1,0
BRDA:39,3,0,0
BRDA:39,3,1,0
BRDA:40,4,0,0
BRDA:40,4,1,0
BRDA:146,5,0,0
BRDA:146,5,1,6
BRF:12
BRH:1
end_of_record
TN:
SF:app/components/SummaryCard.tsx
FN:16,SummaryCard
FNF:1
FNH:1
FNDA:3,SummaryCard
DA:16,3
DA:17,3
LF:2
LH:2
BRDA:18,0,0,3
BRDA:18,0,1,1
BRDA:19,1,0,3
BRDA:19,1,1,1
BRDA:19,1,2,1
BRDA:20,2,0,3
BRDA:20,2,1,1
BRDA:21,3,0,3
BRDA:21,3,1,1
BRDA:28,4,0,3
BRF:10
BRH:10
end_of_record
TN:
SF:app/lib/calcStats.ts
FN:18,calcStats
FN:23,(anonymous_2)
FN:26,(anonymous_3)
FN:29,(anonymous_4)
FNF:4
FNH:4
FNDA:6,calcStats
FNDA:15,(anonymous_2)
FNDA:15,(anonymous_3)
FNDA:10,(anonymous_4)
DA:18,6
DA:19,6
DA:20,1
DA:23,15
DA:26,15
DA:29,10
DA:30,5
DA:31,5
DA:34,5
DA:35,5
DA:37,5
LF:11
LH:11
BRDA:19,0,0,1
BRDA:19,0,1,5
BRDA:31,1,0,5
BRDA:31,1,1,0
BRF:4
BRH:3
end_of_record
TN:
SF:app/lib/db/index.ts
FNF:0
FNH:0
DA:1,0
DA:2,0
DA:3,0
DA:5,0
DA:9,0
LF:5
LH:0
BRF:0
BRH:0
end_of_record
TN:
SF:app/lib/db/schema.ts
FNF:0
FNH:0
DA:1,0
DA:3,0
LF:2
LH:0
BRF:0
BRH:0
end_of_record
